     1                                          ORG 0x7c00
     2 00007C00 EB 52                           JMP 0x7c54
     3 00007C02 90                              DB 0x90
     4 00007C03 48 45 4C 4C 4F 49 50 4C         DB "HELLOIPL";
     5 00007C0B 0200                            DW 512;
     6 00007C0D 01                              DB 1;
     7 00007C0E 0001                            DW 1;
     8 00007C10 02                              DB 2;
     9 00007C11 00E0                            DW 224;
    10 00007C13 0B40                            DW 2880;
    11 00007C15 F0                              DB 0xf0;
    12 00007C16 0009                            DW 9;
    13 00007C18 0012                            DW 18;
    14 00007C1A 0002                            DW 2;
    15 00007C1C 00000000                        DD 0;
    16 00007C20 00000B40                        DD 2880;
    17 00007C24 00 00 29                        DB 0,0,0x29;
    18 00007C27 FFFFFFFF                        DD 0xffffffff;
    19 00007C2B 48 45 4C 4C 4F 2D 4F 53         DB "HELLO-OS";
    20 00007C33 46 41 54 31 32                  DB "FAT12";
    21 00007C38 00 00 00 00 00 00 00 00 00 00   RESB 18;
       00007C42 00 00 00 00 00 00 00 00 
    22 00007C4A                                 
    23 00007C4A                                 entry:
    24 00007C4A B8 0000                         	MOV AX,0
    25 00007C4D 8E D0                           	MOV SS,AX
    26 00007C4F BC 7C00                         	MOV SP,0x7c00
    27 00007C52 8E D8                           	MOV DS,AX
    28 00007C54 8E C0                           	MOV ES,AX
    29 00007C56 BE 7C70                         	MOV SI,0x7c70
    30 00007C59                                 
    31 00007C59                                 putloop:
    32 00007C59 8A 04                           	MOV AL,[SI]
    33 00007C5B 83 C6 01                        	ADD SI,1
    34 00007C5E 3C 00                           	CMP AL,0
    35 00007C60 74 0B                           	JE fin
    36 00007C62 B4 0E                           	MOV AH,0x0e
    37 00007C64 BB 000F                         	MOV BX,15
    38 00007C67 B3 22                           	MOV BL,0x22
    39 00007C69 CD 10                           	INT 0x10
    40 00007C6B EB EC                           	JMP putloop
    41 00007C6D                                 
    42 00007C6D                                 fin:
    43 00007C6D F4                              	HLT
    44 00007C6E EB FD                           	JMP fin
    45 00007C70                                 
    46 00007C70                                 msg:
    47 00007C70 0A 0A                           	DB 0x0a, 0x0a
    48 00007C72 66 75 63 6B 20 79 6F 75 2C 20   	DB "fuck you, world"
       00007C7C 77 6F 72 6C 64 
    49 00007C81 0A                              	DB 0x0a
    50 00007C82 00                              	DB 0
    51 00007C83                                 
    52 00007C83 00 00 00 00 00 00 00 00 00 00   RESB 0x7dfe-$;
       00007C8D 00 00 00 00 00 00 00 00 00 00 
       00007C97 00 00 00 00 00 00 00 00 00 00 
       00007CA1 00 00 00 00 00 00 00 00 00 00 
       00007CAB 00 00 00 00 00 00 00 00 00 00 
       00007CB5 00 00 00 00 00 00 00 00 00 00 
       00007CBF 00 00 00 00 00 00 00 00 00 00 
       00007CC9 00 00 00 00 00 00 00 00 00 00 
       00007CD3 00 00 00 00 00 00 00 00 00 00 
       00007CDD 00 00 00 00 00 00 00 00 00 00 
       00007CE7 00 00 00 00 00 00 00 00 00 00 
       00007CF1 00 00 00 00 00 00 00 00 00 00 
       00007CFB 00 00 00 00 00 00 00 00 00 00 
       00007D05 00 00 00 00 00 00 00 00 00 00 
       00007D0F 00 00 00 00 00 00 00 00 00 00 
       00007D19 00 00 00 00 00 00 00 00 00 00 
       00007D23 00 00 00 00 00 00 00 00 00 00 
       00007D2D 00 00 00 00 00 00 00 00 00 00 
       00007D37 00 00 00 00 00 00 00 00 00 00 
       00007D41 00 00 00 00 00 00 00 00 00 00 
       00007D4B 00 00 00 00 00 00 00 00 00 00 
       00007D55 00 00 00 00 00 00 00 00 00 00 
       00007D5F 00 00 00 00 00 00 00 00 00 00 
       00007D69 00 00 00 00 00 00 00 00 00 00 
       00007D73 00 00 00 00 00 00 00 00 00 00 
       00007D7D 00 00 00 00 00 00 00 00 00 00 
       00007D87 00 00 00 00 00 00 00 00 00 00 
       00007D91 00 00 00 00 00 00 00 00 00 00 
       00007D9B 00 00 00 00 00 00 00 00 00 00 
       00007DA5 00 00 00 00 00 00 00 00 00 00 
       00007DAF 00 00 00 00 00 00 00 00 00 00 
       00007DB9 00 00 00 00 00 00 00 00 00 00 
       00007DC3 00 00 00 00 00 00 00 00 00 00 
       00007DCD 00 00 00 00 00 00 00 00 00 00 
       00007DD7 00 00 00 00 00 00 00 00 00 00 
       00007DE1 00 00 00 00 00 00 00 00 00 00 
       00007DEB 00 00 00 00 00 00 00 00 00 00 
       00007DF5 00 00 00 00 00 00 00 00 00 
    53 00007DFE                                 
    54 00007DFE 55 AA                           DB 0x55, 0xaa
